
Copyright (C) 1994-2020 Synopsys, Inc.
This Synopsys software and all associated documentation are proprietary to Synopsys, Inc.
and may only be used pursuant to the terms and conditions of a written license agreement
with Synopsys, Inc. All other use, reproduction, modification, or distribution of the
Synopsys software or the associated documentation is strictly prohibited.
Tool: Synplify Pro (R)
Build: P-2019.09G
Install: C:\Gowin\Gowin_V1.9.5Beta\SynplifyPro
OS: Windows 6.2

Hostname: IFDLTPY

Implementation : rev_1

# Written on Sun Apr 19 15:02:41 2020

##### DESIGN INFO #######################################################

Top View:                "FSd1"
Constraint File(s):      (none)




##### SUMMARY ############################################################

Found 0 issues in 0 out of 0 constraints


##### DETAILS ############################################################



Clock Relationships
*******************

Starting        Ending          |     rise to rise     |     fall to fall     |     rise to fall     |     fall to rise                     
-------------------------------------------------------------------------------------------------------------------------------------------
FSd1|clk24M     FSd1|clk24M     |     5.504            |     No paths         |     No paths         |     No paths                         
===========================================================================================================================================
 Note: 'No paths' indicates there are no paths in the design for that pair of clock edges.
       'Diff grp' indicates that paths exist but the starting clock and ending clock are in different clock groups.


Unconstrained Start/End Points
******************************

p:RXD
p:TXD
p:led[0]
p:led[1]
p:lo_out[0]
p:lo_out[1]
p:lo_out[2]
p:mix_in[0]
p:mix_in[1]
p:mix_in[2]
p:mix_out[0]
p:mix_out[1]
p:mix_out[2]
p:rst_n
p:sig_in[0]
p:sig_in[1]
p:sig_in[2]


Inapplicable constraints
************************

(none)


Applicable constraints with issues
**********************************

(none)


Constraints with matching wildcard expressions
**********************************************

(none)


Library Report
**************


# End of Constraint Checker Report
