---------------------------------------
Resource Usage Report for FSd1 

Mapping to part: gw1n_1qfn48-6
Cell usage:
ALU             281 uses
DFF             42 uses
DFFE            47 uses
DFFR            219 uses
DFFRE           212 uses
DFFS            8 uses
DFFSE           24 uses
GSR             1 use
INV             32 uses
MUX2_LUT5       23 uses
MUX2_LUT6       4 uses
MUX2_LUT7       1 use
LUT2            234 uses
LUT3            169 uses
LUT4            287 uses

I/O ports: 18
I/O primitives: 18
IBUF           9 uses
OBUF           9 uses

I/O Register bits:                  0
Register bits not including I/Os:   552 of 864 (63%)

@S |Mapping Summary:
Total  LUTs: 690 (59%)

